10.4933748734 ['Shared memory segment for instance monitoring created']
10.4463003254 ['ORACLE_BASE value has been saved for future startups']
9.69612117049 ['NOTE: setting \\S+ start \\S+ for group \\S+ thread \\S+ to \\S+']
8.91625602404 ['DATA']
8.51301352735 ['NOTE: \\S+ expansion required for disk group \\S+']
8.36192690438 ['asm agent .//. \\{.*\\} ./']
8.28696724177 ['GMON dismounting group \\S+ at \\S+ for pid \\S+ osid \\S+']
8.22599018189 ['NOTE: cache deleting context for group \\S+ \\S+']
8.22561399649 ['NOTE: Disk \\S+ in \\S+ \\S+ \\S+ \\S+ \\S+']
8.21472486721 ['NOTE: cache dismounted group \\S+ \\(.*\\)']
8.19098903103 ['NOTE: cache dismounting \\(.*\\) group \\S+ \\(.*\\)']
8.18920965365 ['NOTE: messaging \\S+ to quiesce pins Unix process pid: \\S+ image: \\S+ \\(.*\\)']
8.01605982213 ['NOTE: Successful voting file relocation on diskgroup \\S+']
7.94350247323 ['License high water mark = \\S+']
7.88916800998 ['NOTE: client \\S+ .*']
7.80236258692 ['NOTE: enlarging \\S+ to \\S+ threads for group \\S+ \\(.*\\)', 'SUCCESS: \\S+ enlarged for group \\S+ \\(.*\\)']
7.72835556157 ['Shutting down instance \\(.*\\) \\(.*\\)']
7.64582927653 ['NOTE: detached from domain \\S+']
7.62988902225 ['Shutting down archive processes', 'Archiving is disabled']
7.62548223768 ['Stopping background process \\S+']
7.60865774427 ['Shutting down instance: further logons disabled']
7.57840993263 ['Instance shutdown complete \\(.*\\)']
7.42244135521 ['NOTE: \\S+ released recovery enqueue for thread \\S+ group \\S+ \\(.*\\)']
7.41413204001 ['NOTE: \\S+ process exiting due to \\S+ instance shutdown \\(.*\\)']
7.41317232566 ['NOTE: \\S+ doing \\S+ dismount of group \\S+ \\(.*\\) thread \\S+']
7.39437379975 ['GEN1 started with \\S+ \\S+ \\S+']
7.34847410722 ['NOTE: \\S+ clearing idle groups before exit']
7.34305023505 ['NOTE: \\S+ closing thread \\S+ of diskgroup \\S+ \\(.*\\) at \\S+ \\S+']
7.18164685847 ['kjbdomdet send to inst \\S+', 'detach from dom \\S+ sending detach message to inst \\S+']
7.09681456877 ['NOTE: client \\S+ mounted group \\S+ \\(.*\\)']
7.06672425063 ['NOTE: Voting File refresh pending for group \\S+ \\(.*\\)']
7.04797123686 ['NOTE: registered owner id \\S+ for \\S+']
6.90709695676 ['NOTE: checking \\S+ grp = \\S+']
6.87821548616 ['Received detach msg from inst \\S+ for dom \\S+']
6.8442925198 ["ALTER \\S+ \\S+ listener_networks='.*','.*' SCOPE=MEMORY SID='.*';"]
6.82509815887 ['NOTE: process \\S+ \\(.*\\) initiating offline of disk \\S+ \\(.*\\) with mask \\S+ in group \\S+ \\(.*\\) \\S+ client assisting']
6.76963004721 ['GMON checking disk modes for group \\S+ at \\S+ for pid \\S+ osid \\S+']
6.49758178513 ['NOTE: \\S+ client \\S+ disconnected unexpectedly.', 'NOTE: check client alert log.']
6.49367206298 ['NOTE: completed disk validation for \\S+ \\(.*\\)', 'NOTE: disk validation pending for \\S+ \\S+ in group \\S+ \\(.*\\)']
6.48670087828 ['NOTE: checking \\S+ for grp \\S+ done.']
6.47692980512 ['NOTE: Loaded library: /opt/oracle/extapi/64/asm/orcl/1/libafd12.so']
6.41400654274 ['WARNING: giving up on client id \\S+ \\[.*\\] which has not reconnected for \\S+ seconds \\(.*\\) \\[.*\\]']
6.38850302643 ['WARNING: failed to online diskgroup resource \\S+ \\(.*\\)']
6.30434743627 ['NOTE: No voting file found on diskgroup \\S+']
6.26087805534 ['NOTE: Trace records dumped in trace file \\S+']
6.03727391022 ['SUCCESS: refreshed membership for \\S+ \\(.*\\)']
5.99180771101 ['ORA-15032: not all alterations performed']
5.91856064101 ['NOTE: membership refresh pending for group \\S+ \\(.*\\)']
5.91066129384 ['NOTE: removing stale \\S+ \\S+ for client \\S+ \\(.*\\)']
5.90677332516 ['NOTE: released resources held for client id \\S+ \\(.*\\)']
5.82377522227 ['Dirty detach reconfiguration started \\(.*\\)']
5.82065535944 ['Global Resource Directory partially frozen for dirty detach', 'dirty detach - domain \\S+ invalid = \\S+']
5.80632014722 ['Dirty Detach Reconfiguration complete \\(.*\\)']
5.80172274681 ['NOTE: \\[.*\\] \\S+ \\S+ file \\S+ osid \\S+']
5.76325210141 ['NOTE: \\S+ not being messaged to dismount']
5.75408348768 ['GMON updating for reconfiguration, group \\S+ at \\S+ for pid \\S+ osid \\S+']
5.68027869215 ['NOTE: group \\S+ \\S+ updated.']
5.65976148999 ['NOTE: initiating \\S+ update: grp \\S+ \\(.*\\), dsk = \\S+ mask = \\S+ op = \\S+ mandatory']
5.64102410117 ['Received dirty detach msg from inst \\S+ for dom \\S+']
5.61831846336 ['NOTE: will remove stale ownerid \\S+ for client .* \\(.*\\)', 'NOTE: found stale ownerid \\S+ for client \\S+']
5.61585873574 ['NOTE: \\S+ requested to fence client \\S+ id \\S+ \\S+']
5.58606206729 ['NOTE: \\S+ update grp = \\S+ completed successfully']
5.55444368362 ['NOTE: timeout \\(.*\\) expired for orphan ownerid \\S+ for client \\S+ \\S+ elapsed']
5.47350571396 ['ASM \\S+ ./']
5.4397363208 ['NOTE: Advanced to new \\S+ format for group \\S+']
5.37929764817 ['NOTE: Using GPnP to retrieve the \\S+ password file location in exclusive mode']
5.37929764817 ['WARNING: failed to update diskgroup resource \\S+ \\(.*\\)', "ORA-15173: entry '.*' does not exist in directory '.*'", 'ORA-15013: diskgroup ".*" is already mounted', 'ASMCMD ./ALTER \\S+ \\S+ \\S+']
5.32148121463 ['NOTE: Termination of \\S+ session succeeded for \\[.*\\] due to instance shutdown']
5.27147272111 ['GMON updating disk modes for group \\S+ at \\S+ for pid \\S+ osid \\S+']
5.26119374907 ['GMON \\(.*\\): terminating the instance due to error \\S+']
5.22964906361 ['NOTE: halting all I/Os to diskgroup \\S+ \\(.*\\)']
5.22578602616 ['NOTE: updating disk modes to \\S+ from \\S+ for disk \\S+ \\(.*\\) in group \\S+ \\(.*\\): lflags \\S+    ']
5.21343262642 ['WARNING: dirty detached from lock domain \\S+']
5.20233102101 ['WARNING: Write Failed. \\S+ \\S+ \\S+ \\S+ \\S+']
5.19764191191 ['NOTE: Creating voting files in diskgroup: \\S+']
5.19496006749 ['NOTE: \\S+ sync \\S+ last written \\S+ \\S+', 'NOTE: initiating dirty detach from lock domain \\S+']
5.11393169378 ['NOTE: initiating \\S+ update: grp = \\S+', 'NOTE: diskgroup must now \\S+ re-mounted prior to first use', 'NOTE: set version \\S+ for asmCompat \\S+ for group \\S+', 'NOTE: Created Used Space Directory for \\S+ threads', 'GMON updating group \\S+ at \\S+ for pid \\S+ osid \\S+', 'NOTE: cache creating group \\S+ \\(.*\\)']
5.10284214139 ['NOTE: updated gpnp profile \\S+ \\S+ to \\S+']
5.08784434217 ["SQL> alter diskgroup \\S+ \\S+ directory '.*'", "SUCCESS: alter diskgroup \\S+ \\S+ \\S+ '.*'"]
5.0807086359 ['ERROR: \\S+ terminating the instance due to storage split in grp \\S+']
5.01662624169 ['NOTE: Physical metadata for diskgroup \\S+ \\(.*\\) was replicated.']
4.95560415949 ['NOTE: client orcl1:orcl:rwsba-cluster id \\S+ has reconnected to \\S+ inst \\S+ \\(.*\\), or has been fenced']
4.92578449928 ['NOTE: Voting file relocation is required in diskgroup \\S+']
4.89778064966 ['NOTE: GroupBlock outside rolling migration privileged region']
4.88921048335 ['NOTE: group \\S+ \\(.*\\) high disk header ckpt advanced to fcn \\S+']
4.87888895755 ['NOTE: \\S+ skipping disk \\S+ \\(.*\\)']
4.87666022261 ['Using parameter settings in client-side pfile \\S+ on machine \\S+']
4.87343637388 ['NOTE: initializing header on grp \\S+ disk \\S+', 'NOTE: initializing header \\(.*\\) on grp \\S+ disk \\S+']
4.87277247136 ['SUCCESS: rebalance completed for group \\S+ \\(.*\\)']
4.85141145216 ['USER \\(.*\\): terminating the instance']
4.84751585561 ['NOTE: starting \\S+ \\S+']
4.83484994469 ['NOTE: Found \\S+ for disk \\S+']
4.82474374655 ['NOTE: requesting \\S+ \\S+ \\S+ for \\S+']
4.82299121137 ['NOTE: stopping process \\S+']
4.78989151808 ['WARNING: Disk Group \\S+ containing \\S+ \\S+ is not mounted']
4.78972724247 ['ORA-15017: diskgroup ".*" cannot \\S+ mounted']
4.73549480861 ['ERROR: diskgroup \\S+ was not \\S+']
4.65272297155 ['NOTE: allocating \\S+ \\(.*\\) on grp \\S+ disk \\S+', 'NOTE: allocating \\S+ on grp \\S+ disk \\S+']
4.62645317636 ['in grp \\S+', 'WARNING: could not find \\S+ disk']
4.60065618085 ['NOTE: Volume support  enabled']
4.55476502338 ['NOTE: dbwr not being msg.*']
4.51864920318 ['WARNING: Site \\S+ will \\S+ quarantined']
4.51041559333 ['WARNING: Hbeat \\S+ to \\S+ disk \\S+ in group \\S+ failed. \\[.*\\]']
4.49131907078 ['Error \\S+ unexpected return code \\S+ from the Cluster Synchronization \\S+']
4.48413856827 ['NOTE: starting rebalance of group \\S+ \\(.*\\) at power \\S+', 'ARBA started with \\S+ \\S+ \\S+', 'ARB0 started with \\S+ \\S+ \\S+', 'NOTE: assigning \\S+ to group \\S+ \\(.*\\) to compute estimates', 'NOTE: assigning \\S+ to group \\S+ \\(.*\\) with \\S+ parallel I/O']
4.4621152629 ['ORA-27061: waiting for async I/Os failed']
4.45896153956 ['NOTE: detected orphaned client id \\S+']
4.42457452312 ['NOTE: Starting expel slave for group \\S+ \\(.*\\)']
4.42352630023 ['NOTE: \\S+ process exiting, either shutdown is in progress or foreground connected to \\S+ was killed.']
4.41560631778 ['ORA-15081: failed to submit an I/O operation to \\S+ disk']
4.39233225209 ['NOTE: cache initiating offline of disk \\S+ group \\S+']
4.37013477547 ['NOTE: voting file deletion \\(.*\\) on grp \\S+ disk \\S+', 'NOTE: voting file deletion on grp \\S+ disk \\S+']
4.35968028348 ['SUCCESS: ASM-initiated \\S+ \\S+ of group \\S+']
4.26119433759 ['SUCCESS: Exadata diskgroup \\S+ was mounted']
4.24267862157 ['ORA-15080: synchronous I/O operation failed to read block \\S+ of disk \\S+ in disk group']
4.11221212374 ['NOTE: running client discovery for group \\S+ \\(.*\\)']
4.09961894707 ['NOTE: discarding redo for group \\S+ disk \\S+']
4.08001030451 ['ASMCA ./']
4.07875072094 ['subsys:\\S+ \\S+ \\S+ \\S+ \\S+']
4.04844090327 ['ORA-29701: unable to connect to Cluster Synchronization Service']
3.98975655038 ['NOTE: Flex client id \\S+ \\[.*\\] attempting to \\S+']
3.98569197039 ['NOTE: Flex client \\S+ \\S+ osid \\S+ mbr \\S+ asmb \\S+ \\(.*\\)']
3.96749461126 ['ORA-29701 \\[.*\\] \\[.*\\] \\[.*\\] \\[.*\\] \\[.*\\] \\[.*\\] \\[.*\\] \\[.*\\] \\[.*\\] \\[.*\\] \\[.*\\] \\[.*\\]']
3.92179123656 ['afdb_scandisk: \\S+']
3.92179123656 ['afdb_getdiscstr: \\S+']
3.90324617211 ['Linux-x86_64 Error: \\S+ Input/output error']
3.8852183088 ['NOTE: group \\S+ initial \\S+ location: disks \\S+ \\S+ \\S+']
3.84874550478 ['Network Resource Management enabled for Process \\S+ \\(.*\\) for Exadata I/O']
3.84745763091 ['Version \\S+', 'XDMG started with \\S+ \\S+ \\S+', 'KSXP: setting socket save mode to \\S+', 'High Throughput Write functionality enabled', 'DSKM started with \\S+ \\S+ \\S+', 'Storage:\tExadata', 'CELL communication is configured to use \\S+ interface\\(.*\\):']
3.82293288745 ['NOTE: group \\S+ initial \\S+ location: disks \\S+ \\S+ \\S+ \\S+ \\S+ \\S+ \\S+', 'NOTE: Created Virtual Allocation Locator \\(.*\\) and Table \\(.*\\) directories for group \\S+ \\(.*\\)']
3.80569417566 ['ORA-15063: \\S+ discovered an insufficient number of disks for diskgroup ".*"']
3.79582943585 ["ALTER \\S+ \\S+ listener_networks='.*','.*',.* \\(.*\\)..* SCOPE=MEMORY SID='.*';"]
3.79331130376 ['ORA-15326: specified input \\S+ is \\S+ not an \\S+ file']
3.79140555484 ['NOTE: header on disk \\S+ advanced to format #2 using fcn \\S+']
3.78250927647 ["SITE siteb  FAILGROUP \\S+  DISK '.*' \\S+ \\S+"]
3.75626639056 ['NOTE: \\S+ fcn on disk \\S+ synced at fcn \\S+']
3.74700583441 ['ATTRIBUTE .*']
3.68198066741 ['NOTE: \\S+ recovery sucessfully read \\S+ from one mirror side']
3.65724799482 ['NOTE: Deleting voting files in diskgroup \\S+']
3.60131353195 ['Release:\t2.6.39-400.277.1.el6uek.x86_64']
3.59309760123 ['NOTE: relocating client \\S+ \\(.*\\)']
3.58579183164 ["NOTE: cleaning up empty system-created directory '.*'"]
3.58229890258 ['Direct \\S+ channel id \\[.*\\] path \\[.*\\] to filer \\[.*\\] via local \\[.*\\] is \\S+  ']
3.5385805107 ['NOTE: client \\S+ no longer has group \\S+ \\(.*\\) mounted']
3.52997503636 ['ERROR: \\S+ in \\S+ recovery for diskgroup \\S+ \\(.*\\)']
3.52818701624 ['IPC Send timeout to \\S+ inc \\S+ for msg type \\S+ from opid \\S+']
3.52353041062 ['IPC Send timeout detected. Sender: ospid \\S+ \\[.*\\]', 'Receiver: inst \\S+ binc \\S+ ospid \\S+']
3.50806490435 ['NOTE: initiating client \\[.*\\] discovery for group \\S+ \\(.*\\)', 'NOTE: client \\[.*\\] completed disk validation \\(.*\\)']
3.48267671889 ["SITE sitea  FAILGROUP \\S+  DISK '.*' \\S+ \\S+"]
3.46195943753 ["SQL> \\S+ \\S+ \\S+ \\S+ \\S+  SITE siteq  QUORUM  FAILGROUP \\S+  DISK '.*' \\S+ \\S+", "SUCCESS: \\S+ \\S+ \\S+ \\S+ \\S+  SITE siteq  QUORUM  FAILGROUP \\S+  DISK '.*' \\S+ \\S+"]
3.43635007335 ['LMS0 \\(.*\\) has detected no messaging activity from instance \\S+']
3.4305281127 ["incarnation:\\S+ \\S+ result:'.*'", 'IO elapsed time: \\S+ usec Time waited on I/O: \\S+ usec']
3.42778725972 ['WARNING: Offline of disk \\S+ \\(.*\\) in group \\S+ and mode \\S+ failed on \\S+ inst \\S+']
3.4042032172 ['Errors in file \\S+']
3.38139006325 ["WARNING: failed to get diskgroup list for database '.*'", 'asm agent .//. \\{.*\\} .//. \\S+', "NOTE: get diskgroups to mount for database '.*'"]
3.38037571047 ['NOTE: successfully wrote at least one mirror side for diskgroup \\S+']
3.3708122728 ['allocate domain \\S+ valid . \\S+']
3.36406996407 ['Please check the \\S+ log file for more \\S+']
3.33576571886 ['WARNING: Background operations delayed until \\S+ \\S+ because \\S+ was not stopped cleanly and there could \\S+ disconnected client\\(.*\\)']
3.33500208687 ['NOTE: client .ASM1:.ASM:rwsba-cluster deregistered']
3.32322972784 ['Communications reconfiguration: \\S+ \\S+ by ospid \\S+']
3.31894110787 ['NOTE: cleaned up \\S+ client \\S+ connection state']
3.31034707756 ['NOTE: client .ASM1:.ASM:rwsba-cluster no longer has group \\S+ \\(.*\\) mounted']
3.31012120403 ['NOTE: Diskgroup used for \\S+ \\S+ \\S+']
3.30318168788 ['ORA-15040: diskgroup is incomplete']
3.29644514866 ["SITE siteb  FAILGROUP \\S+  DISK '.*' \\S+ \\S+  SIZE \\S+"]
3.25685993412 ['NOTE: Submit AFDLIB:AFD_KEYS\\(.*\\)']
3.25146945389 ['GMON querying group \\S+ at \\S+ for pid \\S+ osid \\S+']
3.2444343477 ['ORA-15130: diskgroup ".*" is being dismounted']
3.22903502422 ['NOTE: disk \\S+ \\(.*\\) in group \\S+ \\(.*\\) is locally offline for writes']
3.22477522247 ['LMON \\(.*\\) drops the \\S+ request from \\S+ \\(.*\\) because \\S+ is in progress and inst \\S+ is marked bad.']
3.22018899464 ['Starting background process \\S+']
3.21026885583 ['NOTE: \\S+ will attempt offline of disk \\S+ - no header']
3.20391167149 ['NOTE: cache registered group \\S+ \\S+', 'NOTE: cache began mount \\(.*\\) of group \\S+ \\S+']
3.20359639078 ['NOTE: initiating resync of disk group \\S+ disks']
3.19310455086 ['NOTE: reopening \\S+ disks for group \\S+']
3.19203084809 ['SUCCESS: PST-initiated drop disk in group .*']
3.18945449136 ['WARNING: Read Failed. \\S+ \\S+ \\S+ \\S+ \\S+']
3.18929948737 ['List of instances \\(.*\\) \\S+', 'My inst \\S+ .*']
3.18582685221 ['NOTE: Diskgroup used for \\S+ \\S+']
3.18508229138 ['SZAUD: Cluster class retrieved from \\S+ is \\[.*\\]. thus skipping setting audit syslog level']
3.1841231443 ["SUCCESS: \\S+ \\S+ \\S+ \\S+ \\S+  SITE sitea  FAILGROUP \\S+  DISK '.*' \\S+ \\S+"]
3.1810303191 ['SUCCESS: diskgroup \\S+ was \\S+']
3.17997881387 ['Scan count \\S+']
3.17778165895 ['LMHB started with \\S+ \\S+ \\S+']
3.1755270928 ['NOTE: remote asm mode is \\S+ \\(.*\\)']
3.15510640751 ['path:\\S+']
3.15204200515 ['subsys:System \\S+ \\S+ \\S+ osderr2:0x0']
3.15105039697 ['Loopback ip: \\S+', 'Autodiscovered Loopback ips: \\S+']
3.150394921 ['VKTM running at \\(.*\\)millisec precision with \\S+ quantum \\(.*\\)ms']
3.14811127085 ['ORA-29710 \\[.*\\] \\[.*\\] \\[.*\\] \\[.*\\] \\[.*\\] \\[.*\\] \\[.*\\] \\[.*\\] \\[.*\\] \\[.*\\] \\[.*\\] \\[.*\\]', 'ORA-29710: Current operation aborted by Cluster Synchronization Services']
3.14254319824 ['WARNING: PST-initiated drop of \\S+ disk\\(.*\\) in group .*']
3.1382896302 ['Version:\t#1 \\S+ \\S+ \\S+ \\S+ \\S+ \\S+ \\S+', 'Machine:\tx86_64', 'ORACLE_HOME: \\s*\\S+', 'Oracle Database \\S+ Enterprise Edition Release \\S+ - 64bit \\S+', 'Node \\S+', 'System name:\tLinux']
3.13044593032 ['ASM instance', 'Attached to domain \\S+ \\(.*\\)', 'LCK0 started with \\S+ \\S+ \\S+', 'ORACLE_BASE from environment = \\S+']
3.12808702166 ['PING started with \\S+ \\S+ \\S+']
3.12775785651 ['KSXPPING: \\S+ selected for Ping']
3.1277489479 ['Using \\S+ parameter default value as \\S+', 'SYS auditing is enabled', 'Initial number of \\S+ is \\S+', 'LICENSE_MAX_USERS = \\S+', 'Autotune of undo retention is turned on.', 'Number of processor \\S+ in the system is \\S+', 'LICENSE_MAX_SESSION = \\S+', 'LICENSE_SESSIONS_WARNING = \\S+']
3.12414368007 ['Reason for not supporting certain system pagesizes:']
3.12360352285 ['NOTE: Cluster configuration type = \\S+ \\[.*\\]']
3.12033833029 ['LGWR started with \\S+ \\S+ \\S+', 'lmon registered with \\S+ - instance number \\S+ \\(.*\\)', 'DIA0 started with \\S+ \\S+ \\S+', 'GMON started with \\S+ \\S+ \\S+', 'LMON started with \\S+ \\S+ \\S+', 'DBW0 started with \\S+ \\S+ \\S+', 'LMD0 started with \\S+ \\S+ \\S+', 'LREG started with \\S+ \\S+ \\S+', 'Load Monitor used for high load check', 'MMON started with \\S+ \\S+ \\S+', 'SMON started with \\S+ \\S+ \\S+', 'LCK1 started with \\S+ \\S+ \\S+', 'PXMN started with \\S+ \\S+ \\S+', 'LMS0 started with \\S+ \\S+ \\S+ at elevated \\(.*\\) priority', 'PMAN started with \\S+ \\S+ \\S+', 'MMNL started with \\S+ \\S+ \\S+', 'CKPT started with \\S+ \\S+ \\S+', 'RBAL started with \\S+ \\S+ \\S+', 'New Low - High Load Threshold Range = \\[.*\\]']
3.11999800842 ['NOTE: PatchLevel of this instance \\S+', 'cluster interconnect \\S+ version: Oracle \\S+ \\(.*\\)', 'VKTM started with \\S+ \\S+ \\S+ at elevated \\(.*\\) priority', 'KSXP: \\S+ \\S+ \\S+', 'Cluster Communication is configured to use IPs from: GPnP', 'IP: \\S+ Subnet: \\S+', 'KSIPC Loopback \\S+ addresses\\(.*\\):', 'Oracle instance running with \\S+ Oracle Direct \\S+ \\S+ Library Version \\S+', 'KSIPC: Client: \\S+ Transport: \\S+', 'PMON started with \\S+ \\S+ \\S+', 'IPC Vendor \\S+ proto \\S+', 'PSP0 started with \\S+ \\S+ \\S+', 'KSIPC Available Transports: \\S+', 'KSIPC \\S+ \\S+', 'CLMN started with \\S+ \\S+ \\S+']
3.11673229829 ['GEN0 started with \\S+ \\S+ \\S+', 'DIAG started with \\S+ \\S+ \\S+', 'MMAN started with \\S+ \\S+ \\S+']
3.11571326061 ['Per process system memlock \\(.*\\) limit = \\S+', 'Expected per process system memlock \\(.*\\) limit to lock', 'Available system pagesizes:', 'Supported system pagesize\\(.*\\):', 'SHARED \\S+ \\S+ \\(.*\\) into memory: \\S+', 'PAGESIZE  AVAILABLE_PAGES  EXPECTED_PAGES  ALLOCATED_PAGES  ERROR\\(.*\\)', 'Dump of system resources acquired for \\S+ \\S+ \\S+ \\(.*\\)']
3.11160077046 ['asm_power_limit          = \\S+', 'remote_login_passwordfile= ".*"', 'large_pool_size          = \\S+', 'System parameters with non-default values:']
3.10814938589 ['NOTE: Failed voting file relocation on diskgroup \\S+']
3.10798242951 ['NOTE: \\S+ attempting to mount thread \\S+ for diskgroup \\S+ \\(.*\\)']
3.09725785786 ['NOTE: client orcl3:orcl:rwsba-cluster id \\S+ has reconnected to \\S+ inst \\S+ \\(.*\\), or has been fenced']
3.0919516694 ["SITE sitea  FAILGROUP \\S+  DISK '.*' \\S+ \\S+  SIZE \\S+"]
3.07993227815 ['NOTE: cache ending mount \\(.*\\) of group \\S+ \\S+ \\S+']
3.0797960893 ['IMR has experienced some problems and can.*']
3.0758919261 ['NOTE: \\S+ \\S+ \\S+ copy \\S+ relocating from \\S+ to \\S+ at \\S+ \\S+']
3.07099918497 ['instance_number obtained from \\S+ = \\S+ checking for the existence of node \\S+', 'node \\S+ does not exist. \\S+ = \\S+', 'MEMORY_TARGET defaulting to \\S+', 'ksxp_exafusion_enabled_dcf: \\S+', 'Starting \\S+ instance \\(.*\\) \\(.*\\)']
3.06753212232 ['LMD0 \\(.*\\) has detected no messaging activity from instance \\S+']
3.06140347443 ['REBALANCE \\S+']
3.03235527553 ['NOTE: ospid \\S+ initiating cluster wide offline of disk \\S+ in group \\S+']
3.01779431572 ['Master broadcasted resource hash value bitmaps', 'Communication channels reestablished', 'All grantable enqueues granted', 'LMS \\S+ \\S+ \\S+ shadows cancelled, \\S+ closed, \\S+ Xw survived, skipped \\S+', 'Submitted all remote-enqueue requests', 'Global Resource Directory frozen', 'Set master node info', 'Dwn-cvts replayed, VALBLKs dubious', 'Non-local Process blocks cleaned out']
3.01728495546 ['Begin lmon rcfg omni enqueue reconfig \\S+', 'End lmon rcfg omni enqueue reconfig \\S+']
3.01646093614 ['Reconfiguration \\S+ \\(.*\\)']
3.0160281837 ['Submitted all \\S+ remote-cache requests']
3.01512543206 ['Fix write in gcs resources']
3.01032203439 ['WARNING: found another non-responsive disk \\S+ \\(.*\\) that will \\S+ offlined']
3.0041353082 ['domain \\S+ valid = \\S+ according to instance \\S+']
3.00313084687 ['asm agent call crs .//. \\{.*\\} ./']
2.99634203859 ["SQL> \\S+ \\S+ \\S+ \\S+ \\S+  SITE \\S+  QUORUM  FAILGROUP \\S+  DISK '.*' \\S+ \\S+"]
2.99116390845 ['NOTE: cache closing disk \\S+ of grp \\S+ .*']
2.99113911842 ['ERROR: group \\S+ \\(.*\\): could not validate disk \\S+']
2.9856373277 ['Remote instance kill is issued with system inc \\S+']
2.98489887308 ['NOTE: \\S+ \\S+ \\S+ found on disk \\S+ au \\S+ fcn \\S+ datfmt \\S+']
2.98280208773 ['Process termination requested for pid \\S+ \\[.*\\], \\[.*\\] \\[.*\\]']
2.97982230209 ['Diskgroup with \\S+']
2.97909820864 ['Using parameter settings in server-side \\S+ \\S+']
2.97595988825 ['NOTE: \\S+ \\(.*\\) connected to \\S+ instance \\S+ osid: \\S+ \\(.*\\)', 'NOTE: Standard client \\S+ registered, osid \\S+ mbr \\S+ asmb \\S+ \\(.*\\)', 'NOTE: \\S+ registering with \\S+ instance as Standard client \\S+ \\(.*\\) \\(.*\\)', 'ASMB started with \\S+ \\S+ \\S+']
2.97072566177 ['VKTM running at \\(.*\\) precision']
2.96771443172 ['AFDLIB \\S+ Failed @ \\S+ \\S+ \\S+ err=-5 \\S+ \\S+ \\S+']
2.96665319111 ['Scanned disk \\S+']
2.96271394637 ["ALTER \\S+ \\S+ local_listener='.*' SCOPE=MEMORY SID='.*';"]
2.95260222766 ['WARNING: \\S+ does not support ipclw. Switching to skgxp']
2.94891296568 ['LMON received an instance eviction notification from instance \\S+']
2.94378910541 ['NOTE: skipping rediscovery for group \\S+ \\(.*\\) on local instance.']
2.92800274877 ['Exadata cell: \\S+ is no longer accessible. I/O errors to disks on this might get suppressed']
2.92201519495 ['NOTE: cache is mounting group \\S+ created on \\S+ \\S+', 'NOTE: cache mounting group \\S+ \\(.*\\) succeeded', 'NOTE: attached to recovery domain \\S+']
2.91291454151 ['NOTE: \\S+ on disk \\S+ \\(.*\\) relocated at fcn \\S+ \\S+ \\S+ -> \\S+ \\S+']
2.90932698878 ['ORA-1092 \\S+ opitsk aborting process']
2.89606197735 ['Unexpected return code \\(.*\\) from the Cluster Synchronization Service \\(.*\\)']
2.89220851674 ['NOTE: client orcl1:orcl:rwsba-cluster mounted group \\S+ \\(.*\\)']
2.89148643398 ['NOTE: client orcl4:orcl:rwsba-cluster id \\S+ has reconnected to \\S+ inst \\S+ \\(.*\\), or has been fenced']
2.88730718682 ['NOTE: The rdbms compatibility of group \\S+ is \\S+']
2.86785090859 ['NOTE: \\S+ \\S+ \\S+ \\S+ for \\S+ \\S+ \\(.*\\)']
2.86681839285 ['The instance eviction \\S+ is \\S+']
2.85786710138 ['start recovery: pdb \\S+ passed in flags \\S+ \\(.*\\)']
2.8460824926 ['NOTE: cleaned up \\S+ client \\S+ connection state \\(.*\\)']
2.83646161283 ['validate pdb \\S+ flags \\S+ valid \\S+ pdb flags \\S+']
2.83380999882 ['NOTE: force \\S+ map free for map id \\S+']
2.83318853575 ['WARNING: promoting mount of diskgroup \\S+ to force.']
2.8284151996 ['validated domain \\S+ flags = \\S+']
2.82839907918 ['NOTE: Instance updated \\S+ to \\S+ for grp \\S+ \\(.*\\).']
2.82649535119 ['NOTE: cache mounting \\(.*\\) \\S+ redundancy group \\S+ \\(.*\\)', 'NOTE: \\S+ found thread \\S+ closed at \\S+ \\S+ lock \\S+ \\S+ \\S+', 'NOTE: \\S+ opened thread \\S+ \\(.*\\) at fcn \\S+ \\S+ \\S+ lock \\S+ \\S+ \\S+ \\S+ \\S+ \\S+', 'NOTE: redo buffer size is \\S+ blocks \\(.*\\)']
2.82562787531 ['PMON \\(.*\\): terminating the instance due to error \\S+', 'Instance Critical Process \\(.*\\) died unexpectedly']
2.82474113519 ["SUCCESS: \\S+ \\S+ \\S+ \\S+ \\S+  SITE \\S+  QUORUM  FAILGROUP \\S+  DISK '.*' \\S+ \\S+"]
2.82181978107 ['Warning: \\S+ processes are still attach to shmid \\S+']
2.8180709607 ['ORA-15080: synchronous I/O operation failed to write block \\S+ of disk \\S+ in disk group \\S+']
2.78796710861 ['NOTE: client .ASM3:.ASM:rwsba-cluster deregistered']
2.77243468399 ['NOTE: client orcl1:orcl:rwsba-cluster deregistered']
2.76959498427 ['NOTE: client .ASM3:.ASM:rwsba-cluster no longer has group \\S+ \\(.*\\) mounted']
2.76229238996 ['NOTE: client .ASM2:.ASM:rwsba-cluster no longer has group \\S+ \\(.*\\) mounted']
2.74802327629 ['freeing rdom \\S+']
2.74354243727 ['WARNING: Disk Group \\S+ containing spfile for this instance is not mounted']
2.73599538996 ['ORA-15090: handle \\S+ is not \\S+ valid descriptor']
2.73489572615 ['NOTE: cache opening disk \\S+ of grp \\S+ \\S+ \\S+']
2.73166115319 ['Abort recovery for domain \\S+ flags \\S+']
2.73097376674 ['MGMT']
2.72238870364 ["SQL> \\S+ \\S+ \\S+ \\S+ \\S+  SITE sitea  FAILGROUP \\S+  DISK '.*' \\S+ \\S+"]
2.71927167126 ["SITE siteq  QUORUM  FAILGROUP \\S+  DISK '.*' \\S+ \\S+"]
2.70359036885 ['SQL> alter diskgroup \\S+ online disk .*']
2.70027757442 ['CLI notifier \\S+ \\S+']
2.69165988316 ['NOTE: client orcl4:orcl:rwsba-cluster mounted group \\S+ \\(.*\\)']
2.68655187862 ['NOTE: Proactively cleaning up \\S+ client \\S+ with orphan ownerid \\S+ \\S+ elapsed']
2.67913355607 ['WARNING: \\S+ disk \\S+ not found \\(.*\\)']
2.66833136812 ['Using default \\S+ of \\S+ \\S+']
2.6592922874 ['NOTE: Assigning number \\(.*\\) to disk \\(.*\\)']
2.65312406642 ['NOTE: completed online of disk group \\S+ disks']
2.65249818983 ['NOTE: This instance is the master for audit cleanup']
2.64262315545 ['NOTE: advancing ckpt for group \\S+ \\(.*\\) \\S+ \\S+ domain inc# \\S+']
2.64254457966 ['NOTE: client .ASM2:.ASM:rwsba-cluster deregistered']
2.64161214364 ["ERROR: Unable to get logical block size for spfile '.*'.", 'WARNING: using default parameter settings without any parameter file']
2.63402444211 ['NOTE: registering \\S+ \\[.*\\] for client \\S+ \\S+ ospid \\S+']
2.63129100745 ['No Cluster Synchronization Service reconfig event in \\S+ seconds']
2.6244791969 ['ORA-29702: error occurred in Cluster Group Service operation']
2.61606474533 ['Release:\t2.6.39-400.245.1.el6uek.x86_64']
2.61072399983 ['NOTE: client .ASM4:.ASM:rwsba-cluster no longer has group \\S+ \\(.*\\) mounted']
2.60506758311 ['kjbdomatt send to inst \\S+']
2.59891746237 ['afdt_check_syntax: \\S+']
2.59836898079 ['NUMA system with \\S+ nodes detected']
2.59731260017 ['TMPDG']
2.5874538514 ['afdt_libinit: \\S+']
2.58313269641 ['ORA-15186: \\S+ error function = \\[.*\\],  error = .*']
2.57578789008 ['SQL> alter diskgroup \\S+ \\S+']
2.57163111588 ['NOTE: reset timers for disk: \\S+']
2.56328495698 ['NOTE: client .ASM4:.ASM:rwsba-cluster deregistered']
2.55240287084 ['New instances \\(.*\\) \\S+']
2.54367812313 ['Increasing priority of \\S+ \\S+', 'Decreasing priority of \\S+ \\S+']
2.53917601815 ['RBAL \\(.*\\): terminating the instance due to error \\S+']
2.53112363099 ['NOTE: client \\S+ id \\S+ has reconnected to \\S+ inst \\S+ \\(.*\\), or has been fenced']
2.48849514017 ['SQL> \\S+ \\S+ \\S+ \\S+  DISK .* \\S+ \\S+']
2.48199979252 ['NOTE: client .ASM3:.ASM:rwsba-ext deregistered', 'NOTE: client .ASM3:.ASM:rwsba-ext no longer has group \\S+ \\(.*\\) mounted']
2.47609351635 ['ORA-27061: waiting for \\S+']
2.46535731544 ['asm_diskgroups           = ".*"']
2.44547784529 ['ORA-29702 \\[.*\\] \\[.*\\] \\[.*\\] \\[.*\\] \\[.*\\] \\[.*\\] \\[.*\\] \\[.*\\] \\[.*\\] \\[.*\\] \\[.*\\] \\[.*\\]']
2.43771742233 ['NOTE: client \\S+ fence duration: \\S+ seconds']
2.43389466133 ['Remote instance kill map \\(.*\\) \\S+ \\S+ \\S+', 'The instance eviction map is \\S+ \\S+', 'Expecting \\S+ \\S+ instances to leave the cluster.']
2.42213004535 ['Post \\S+ to start 1st pass \\S+']
2.4146360999 ['NOTE: client .ASM1:.ASM:rwsba-ext deregistered']
2.4130616012 ['NOTE: diskgroup resource \\S+ is \\S+']
2.40308309292 ['path:AFD:DATA3']
2.39812291945 ['NOTE: waiting for instance recovery of group \\S+']
2.38597030343 ['NOTE: client .ASM1:.ASM:rwsba-ext no longer has group \\S+ \\(.*\\) mounted']
2.38131266768 ['NOTE: group \\S+ updated \\S+ location: disks \\S+ \\S+ \\S+ \\S+ \\S+ \\S+ \\S+']
2.37500690769 ['SZAUD: Failed to initialized \\S+ \\[.*\\] \\[.*\\]']
2.37299393857 ["ERROR: \\S+ \\S+ \\S+ \\S+  DISK '.*' \\S+ \\S+"]
2.34780639868 ['XDWK started with \\S+ \\S+ \\S+']
2.34597333745 ['NOTE: aborting instance recovery of domain \\S+ due to diskgroup dismount', 'NOTE: \\S+ skipping lock domain \\(.*\\) validation because diskgroup being dismounted']
2.3386953541 ["SITE \\S+  QUORUM  FAILGROUP \\S+  DISK '.*' \\S+ \\S+  SIZE \\S+"]
2.33547069686 ['NOTE: grp \\S+ disk \\S+ expelled from the \\S+']
2.33135800816 ['Waiting for instances to leave: \\S+ \\S+']
2.31413640871 ['NOTE: client .ASM2:.ASM:rwsba-ext deregistered', 'NOTE: client .ASM2:.ASM:rwsba-ext no longer has group \\S+ \\(.*\\) mounted']
2.31312191518 ['NOTE: client .ASM4:.ASM:rwsba-ext deregistered', 'NOTE: client .ASM4:.ASM:rwsba-ext no longer has group \\S+ \\(.*\\) mounted']
2.31305578247 ['NOTE: client .ASM1:.ASM:nshc01a-cluster no longer has group \\S+ \\(.*\\) mounted']
2.31294763369 ['NOTE: ospid \\S+ initiating cluster wide offline of disks \\S+ and \\S+ in group \\S+']
2.31019836718 ["SQL> \\S+ \\S+ \\S+ \\S+ \\S+  SITE sitea  FAILGROUP ted1  DISK '.*' \\S+ ted1  SIZE \\S+", "SUCCESS: \\S+ \\S+ \\S+ \\S+ \\S+  SITE sitea  FAILGROUP ted1  DISK '.*' \\S+ ted1  SIZE \\S+"]
2.30940107676 ['There are no devices to discover.']
2.26311389475 ['NOTE: \\S+ heartbeating for grp \\S+ \\(.*\\)']
2.25502340518 ['NOTE: cache recovered group \\S+ to fcn \\S+']
2.23551114509 ['WARNING: Disk \\S+ \\(.*\\) in group \\S+ will \\S+ dropped in: \\(.*\\) secs on \\S+ inst \\S+']
2.23541702503 ['WARNING: offline disk number \\S+ has references \\(.*\\)']
2.23464761101 ['Error \\S+ Cluster Synchronization Service is shutting down']
2.23296318175 ["SQL> \\S+ \\S+ \\S+ \\S+  QUORUM \\S+ '.*' \\S+ \\S+"]
2.23101357707 ['opiodr aborting process unknown ospid \\(.*\\) as \\S+ result of \\S+']
2.22922847962 ['NOTE: deferred map free for map id \\S+']
2.22502618461 ['VKTM reset to run at normal priority']
2.22272951593 ['WARNING: Started Drop Disk Timeout for Disk \\S+ \\(.*\\) in group \\S+ with \\S+ value \\S+']
2.22202201439 ['NOTE: client orcl1:orcl:nshc01a-cluster id \\S+ has reconnected to \\S+ inst \\S+ \\(.*\\), or has been fenced']
2.21242297632 ['NOTE: Diskgroups listed in \\S+ are']
2.20675870729 ['ORA-15186: \\S+ error \\S+']
2.17899744442 ['ERROR: too many offline disks in \\S+ \\(.*\\)']
2.16697556425 ['NOTE: client .ASM1:.ASM:nshc01a-cluster deregistered']
2.16392474251 ['WARNING: could not find any \\S+ disk in grp \\S+']
2.15791037421 ['Cause - .*']
2.15150767963 ['ORA-15042: \\S+ disk ".*" is missing from group number ".*"']
2.14928926766 ['Dead instances \\(.*\\) \\S+']
2.14702232732 ['ERROR: no read quorum in group: required \\S+ found \\S+ disks']
2.14098800874 ['NOTE: rebalance interrupted for group \\S+ \\(.*\\)']
2.14054797104 ['path:AFD:DATA2']
2.13856367417 ['MARK started with \\S+ \\S+ \\S+', 'NOTE: \\S+ has subscribed', 'NOTE: initiating \\S+ startup']
2.13497868429 ['ORA-29746 \\[.*\\] \\[.*\\] \\[.*\\] \\[.*\\] \\[.*\\] \\[.*\\] \\[.*\\] \\[.*\\] \\[.*\\] \\[.*\\] \\[.*\\] \\[.*\\]']
2.12855112984 ['ERROR: No disks with \\S+ found on disk group \\S+']
2.12498234399 ["DISK '.*' \\S+ \\S+"]
2.12289672538 ['ORA-15018: diskgroup cannot \\S+ created']
2.10094198694 ['ORA-15054: disk ".*" does not exist in diskgroup ".*"']
2.08600412454 ["SITE \\S+  FAILGROUP \\S+  DISK '.*' \\S+ \\S+"]
2.07253703328 ['NOTE: Deferred communication with \\S+ instance']
2.06441858436 ['SUCCESS: alter diskgroup \\S+ \\S+']
2.05818919584 ['NOTE: Suppressing further \\S+ \\S+ errors on \\S+ \\S+']
2.05141377892 ['TEST']
2.03134720575 ['NOTE: erasing header \\(.*\\) on grp \\S+ disk \\S+', 'NOTE: erasing header on grp \\S+ disk \\S+']
2.02195717986 ['event                    = ".*"']
2.01777439785 ['Creating new log segment:']
2.0047988429 ['ORA-15133: instance recovery required for diskgroup \\S+']
1.99877420731 ["SHUTDOWN: waiting for detached processes '.*' to terminate.", 'Instance shutdown cancelled']
1.99874030348 ['NOTE: failed resync of disk group \\S+ disks']
1.99841106782 ['NOTE: group \\S+ initial \\S+ location: disks \\S+']
1.99772958703 ['NOTE: client .APX1:.APX:rwsba-cluster id \\S+ has reconnected to \\S+ inst \\S+ \\(.*\\), or has been fenced']
1.99771897239 ['PMON \\(.*\\): terminating the instance due to \\S+ error \\S+']
1.99659483012 ['ORA-15020: discovered duplicate \\S+ disk ".*"']
1.99581019474 ['WARNING: failed to read mirror side \\S+ of virtual extent \\S+ logical extent \\S+ of file \\S+ in group \\[.*\\] from disk \\S+  allocation unit \\S+ reason error; if possible, will try another mirror side']
1.99530096518 ['WARNING: failed to write mirror side \\S+ of virtual extent \\S+ logical extent \\S+ of file \\S+ in group \\S+ on disk \\S+ allocation unit \\S+']
1.99527266102 ['DBDG']
1.99511549277 ['WARNING: rejecting addition of disk number \\S+ to group \\S+']
1.99299603131 ['TMP1', 'TMP2']
1.99168861791 ['NOTE: client orcl2:orcl:rwsba-cluster fence duration: \\S+ seconds']
1.98952311709 ['GMON dumping for group - Done']
1.9799004652 ['path:AFD:DATA1']
1.95734881234 ["IMR0 \\(.*\\) waits for event '.*' for \\S+ secs."]
1.94441177441 ['SUCCESS: drop diskgroup \\S+ including contents', 'SQL> drop diskgroup \\S+ including contents']
1.94258601928 ['Restarting \\S+ background process \\S+']
1.93819172039 ['DATT']
1.9332292384 ['NOTE: \\S+ process exiting due to lack of \\S+ file activity for \\S+ seconds']
1.93264457388 ["SITE siteb  DISK '.*' \\S+ \\S+"]
1.92023947523 ['NOTE: instance recovery of group \\S+ will recover \\S+ \\S+ \\S+ \\S+ \\S+']
1.91936737069 ['OCRDG']
1.91431769063 ['NOTE: group \\S+ updated \\S+ location: disks \\S+ \\S+ \\S+ \\S+']
1.91140590321 ['GMON dumping for group \\S+']
1.91088220921 ['NOTE: Extended the Used Space Directory to thread \\S+']
1.90792830404 ['NOTE: \\S+ waiting for thread \\S+ recovery enqueue']
1.90678608909 ['NOTE: group \\S+ updated \\S+ location: disks \\S+ \\S+ \\S+']
1.90571159683 ['NOTE: \\S+ did \\S+ \\S+ recovery for group \\S+ \\(.*\\)']
1.90030295746 ['NOTE: crash recovery of group \\S+ will recover \\S+ \\S+ \\S+ \\S+ \\S+']
1.89800774934 ['TED1 \\(.*\\)']
1.89785558574 ['No label in disk \\S+']
1.89388045018 ['ORA-15033: disk \'.*\' belongs to diskgroup ".*"']
1.8930982288 ['NOTE: client .APX4:.APX:rwsba-cluster id \\S+ has reconnected to \\S+ inst \\S+ \\(.*\\), or has been fenced']
1.89077274598 ["SQL> \\S+ \\S+ \\S+ \\S+ \\S+  DISK '.*' \\S+ \\S+"]
1.88729686203 ['NOTE: group \\S+ initial \\S+ location: disks \\S+ \\S+']
1.88532306216 ['path:AFD:TMP11']
1.88360744221 ['SUCCESS: grp \\S+ disk \\S+ emptied', 'NOTE: Erasing header on \\S+']
1.88271114045 ['WARNING: \\S+ unable to close thread \\S+ group \\S+ \\(.*\\) due to disconnected client\\(.*\\) from previous incarnation of \\S+ cluster']
1.88138412768 ['System State dumped to trace file \\S+']
1.8717387908 ['NOTE: \\S+ detected lock domain \\S+ invalid at system inc \\S+ \\S+ \\S+']
1.87017782333 ["SITE siteq  QUORUM  FAILGROUP ted7  DISK '.*' \\S+ ted7  SIZE \\S+"]
1.86493780968 ['NOTE: relocating client \\S+ \\(.*\\) to its local instance; Message from node \\S+ - \\S+ Instance \\S+ is \\S+']
1.85571059075 ['Instance terminated by \\S+ pid = \\S+']
1.85022450186 ['NOTE: client \\[.*\\] declared \\S+ additional pending writes']
1.84479659677 ['System state dump requested by \\(.*\\), summary=\\[.*\\].']
1.84403403132 ['ORA-493 \\[.*\\] \\[.*\\] \\[.*\\] \\[.*\\] \\[.*\\] \\[.*\\] \\[.*\\] \\[.*\\] \\[.*\\] \\[.*\\] \\[.*\\] \\[.*\\]']
1.84386553654 ['NOTE: registered owner id \\S+ for \\S+ \\(.*\\)']
1.84158185496 ['NOTE: \\S+ starting instance recovery of group \\S+ domain \\S+ inc \\S+ \\(.*\\) at \\S+ \\S+']
1.83292859385 ['VFDG']
1.81866169948 ['NOTE: cleaning stale remote ownerid \\S+ for client \\S+ \\(.*\\)']
1.8042802612 ['Please refer to \\S+ in \\S+ note #1274318.1', 'WARNING: \\S+ \\S+ addresses should not \\S+ used on \\S+ engineered systems.']
1.80383156258 ['NOTE: \\S+ about to begin recovery lock claims for diskgroup \\S+ \\(.*\\)']
1.80065651091 ['NOTE: \\S+ successfully validated lock domain \\S+ inc \\S+ \\(.*\\)', 'NOTE: \\S+ did instance recovery for group \\S+ domain \\S+']
1.79020427078 ['SUDG']
1.78284672231 ['instance \\S+ validates domain \\S+']
1.77209393687 ['NOTE: group \\S+ updated \\S+ location: disks \\S+ \\S+ \\S+ \\S+ \\S+ \\S+']
1.75812230619 ['Using parameter settings in client-side pfile', 'No patches have been applied', 'Dumping current patch information']
1.74791515114 ['Dumping diagnostic data in directory=\\[.*\\], requested by \\(.*\\), summary=\\[.*\\].']
1.74321652569 ['NOTE: initial disk modes for disk \\S+ \\(.*\\) in group \\S+ \\(.*\\) is not completely online: modes \\S+ lflags \\S+']
1.74029550181 ['ORA-15067: command or option incompatible with diskgroup redundancy']
1.73200087869 ['Nested reconfiguration detected.']
1.73198296541 ['ORA-15186: \\S+ error function = \\[.*\\],  err']
1.73197376827 ['ORA-00445: background process ".*" did not start after \\S+ seconds']
1.73175814514 ["SITE sitea  FAILGROUP fg2  DISK '.*' \\S+ \\S+", "SITE sitea  FAILGROUP fg3  DISK '.*' \\S+ \\S+"]
1.73150033836 ['NOTE:Waiting for all pending writes to complete before de-registering: grpnum \\S+']
1.73141287378 ["SQL> \\S+ \\S+ \\S+ \\S+ \\S+  SITE \\S+  FAILGROUP \\S+  DISK '.*' \\S+ \\S+"]
1.73136095553 ['Error: Shutdown in progress. Error: \\S+']
1.73118064988 ["SUCCESS: \\S+ \\S+ \\S+ \\S+ \\S+  SITE sitea  FAILGROUP \\S+  DISK '.*' \\S+ \\S+  SIZE \\S+"]
1.73110541286 ['Remote instance kill map \\(.*\\) \\S+ \\S+']
1.73106250837 ["SUCCESS: \\S+ \\S+ \\S+ \\S+  QUORUM \\S+ '.*' \\S+ \\S+"]
1.73102958163 ['TED4 \\(.*\\)']
1.73086015031 ['WARNING: block repair initiating disk offline']
1.73084670785 ['Please check instance \\S+ alert and \\S+ trace files for detail.', 'Received an instance abort message from instance \\S+']
1.7307937018 ['NOTE: unable to write any mirror side for diskgroup \\S+']
1.73029936519 ['ERROR: disk 0\\(.*\\) in group .* cannot \\S+ offlined because the disk group has external redundancy.']
1.7290453231 ["SUCCESS: \\S+ \\S+ \\S+ \\S+  SITE sitea  FAILGROUP \\S+  DISK '.*' \\S+ \\S+  SIZE \\S+", "SQL> \\S+ \\S+ \\S+ \\S+  SITE sitea  FAILGROUP \\S+  DISK '.*' \\S+ \\S+  SIZE \\S+"]
1.72893397655 ['LCK0 \\(.*\\) received unexpected status \\(.*\\) from the Cluster Synchronization Service.']
1.72887591726 ["SQL> \\S+ \\S+ \\S+ \\S+  SITE siteb  DISK '.*' \\S+ \\S+", "SQL> alter diskgroup vfdg \\S+ disk '.*' name \\S+ force", 'ORA-59709: No site identified for the disk \\S+', "SQL> alter diskgroup vfdg \\S+ site siteb disk '.*' name ted04 force", "ERROR: alter diskgroup vfdg \\S+ disk '.*' name \\S+ force", "ERROR: \\S+ \\S+ \\S+ \\S+  SITE siteb  DISK '.*' \\S+ \\S+", "ERROR: alter diskgroup vfdg \\S+ site siteb disk '.*' name ted04 force"]
1.72868281323 ['GCR0\\[.*\\]: \\S+ process is not making progress for \\S+ secs, trying to restart it', 'GCR0\\[.*\\]: \\S+ process succesfully killed', 'GCR0\\[.*\\]: \\S+ \\S+ process is not making progress for \\S+ secs']
1.72824326881 ['SUCCESS: alter diskgroup \\S+ online disk \\S+']
1.72824326881 ['TED3 \\(.*\\)', 'TED2 \\(.*\\)']
1.72666366715 ['WARNING: Waited \\S+ secs for write \\S+ to \\S+ disk \\S+ in group \\S+']
1.72464589491 ['NOTE: client .ASM4:.ASM:rwsba-cluster should failover']
1.72290936551 ['BKDG']
1.72111316017 ['CDB instance recovery on pdb \\S+ needs to \\S+ aborted \\(.*\\)', 'Suppressed nested communications reconfiguration: \\S+ \\S+', 'NOTE: \\S+ validation of lock domain \\S+ failed \\(.*\\)']
1.71086650555 ['ERROR: alter diskgroup \\S+ online disk .*']
1.69521802463 ['NOTE: client .ASM2:.ASM:nshc01a-cluster no longer has group \\S+ \\(.*\\) mounted']
1.67969153126 ['dead instance detected - domain \\S+ invalid = \\S+']
1.6625883305 ['ERROR: disk \\S+ \\(.*\\) in group \\S+ \\(.*\\) cannot \\S+ offlined because all disks \\[.*\\] with mirrored data would \\S+ offline.']
1.65771419534 ['FGDG']
1.64540677623 ["SQL> \\S+ \\S+ \\S+ \\S+ \\S+  SITE sitea  FAILGROUP \\S+  DISK '.*' \\S+ \\S+  SIZE \\S+"]
1.64134145494 ["ORA-59703: Inconsistent site information in disk '.*'"]
1.63004342271 ['ASM Health Checker found \\S+ new failures']
1.62262352737 ['WARNING: failed to find state to reconnect client \\S+ id \\S+ \\S+ after \\S+ secs']
1.61850778869 ['NOTE: Adding disk \\S+ \\(.*\\) to grp \\S+ \\(.*\\) \\(.*\\)', 'ORA-15041: diskgroup ".*" space exhausted']
1.611800256 ['NOTE: repairing extent \\S+ of file \\S+ group \\S+']
1.61066258098 ['AFDLIB \\S+ Failed @ \\S+ err=-5 \\S+ \\S+ \\S+']
1.61062243387 ["ERROR: \\S+ \\S+ \\S+ \\S+ \\S+  SITE \\S+  FAILGROUP \\S+  DISK '.*' \\S+ \\S+"]
1.60933085009 ['path:AFD:OCRDG3']
1.60030309865 ['running stat on \\S+']
1.58820889517 ['NOTE: Attempting voting file \\S+ \\S+ diskgroup \\S+']
1.58573308981 ['NOTE: client orcl1:orcl:rwsba-cluster fence duration: \\S+ seconds']
1.58327218289 ['NOTE: \\S+ successfully wrote to at least one mirror side']
1.56685140063 ['Errors in file \\S+  \\(.*\\):']
1.5625680774 ['Incident details in: \\S+']
1.56229330343 ['ORA-15075: disk \\S+ is not visible on instance number \\S+']
1.5497425509 ['IPC Send timeout: Terminating pid \\S+ osid \\S+']
1.536772562 ["ORA-59711: The site identified by \\S+ '.*' does not exist."]
1.52394195005 ['WARNING: grp \\S+ disk \\S+ still has contents \\(.*\\)']
1.52325224727 ['ERROR: \\S+ thrown in \\S+ for group number \\S+']
1.51710683976 ['USER \\(.*\\): terminating the instance due to error \\S+']
1.50863986424 ['Release:\t2.6.39-400.246.1.el6uek.x86_64']
1.47096659704 ['NOTE: registered owner id \\S+ for .APX1:.APX:rwsba-cluster \\(.*\\)']
1.4673077069 ['NOTE: Refresh completed on diskgroup \\S+ \\S+ \\S+ \\S+ .*']
1.45700298468 ['NOTE: voting file allocation on grp \\S+ disk \\S+', 'NOTE: voting file allocation \\(.*\\) on grp \\S+ disk \\S+']
1.45268322561 ['See Note \\S+ at My Oracle Support for error and packaging details.', 'Use \\S+ or Support Workbench to package the incident.']
1.44264102202 ['ORA-27072: File I/O error']
1.43642339684 ['ORA-00600: internal error code, arguments: \\[.*\\], \\[.*\\], \\[.*\\], \\[.*\\], \\[.*\\], \\[.*\\], \\[.*\\], \\[.*\\], \\[.*\\], \\[.*\\], \\[.*\\], \\[.*\\]']
1.42106300768 ['NOTE: relocating client \\S+ \\(.*\\) to local instance; \\S+ Instance \\S+ up message from node \\S+']
1.41627177599 ['ORA-488 \\[.*\\] \\[.*\\] \\[.*\\] \\[.*\\] \\[.*\\] \\[.*\\] \\[.*\\] \\[.*\\] \\[.*\\] \\[.*\\] \\[.*\\] \\[.*\\]']
1.41421315554 ["ORA-59706: The specified allocation unit size '.*' is less than the minimum required for extended disk groups."]
1.41421308762 ['NOTE: client .APX3:.APX:rwsba-cluster deregistered']
1.41421186986 ['Evicting instance \\S+ from cluster', 'ORA-00481: \\S+ process terminated with error', 'Waiting for instances to leave: \\S+']
1.41421162794 ['ORA-00604: error occurred at recursive \\S+ level \\S+']
1.41421122306 ['NOTE: client .ASM2:.ASM:rwsba-ext should failover']
1.41420400713 ['NOTE: client .ASM3:.ASM:rwsba-ext should failover']
1.4141431607 ["SUCCESS: \\S+ \\S+ \\S+ \\S+ \\S+  SITE \\S+  FAILGROUP \\S+  DISK '.*' \\S+ \\S+"]
1.41414213441 ['NOTE: recovering disk \\S+ in diskgroup \\S+ \\(.*\\) after \\S+ failed disk online', 'ORA-59716: dropping all disks of the quorum site is not allowed', "ERROR: \\S+ \\S+ \\S+ \\S+  QUORUM \\S+ '.*' \\S+ \\S+"]
1.41413523038 ['NOTE: client .ASM3:.ASM:rwsba-cluster should failover']
1.41410323171 ["SUCCESS: \\S+ \\S+ \\S+ \\S+  SITE \\S+  FAILGROUP \\S+  DISK '.*' \\S+ \\S+"]
1.41409741626 ['NOTE: client .ASM1:.ASM:rwsba-cluster is exiting']
1.41404836082 ["LGWR \\(.*\\) waits for event '.*' for \\S+ secs.", 'ORA-15344: client orcl3:orcl:rwsba-cluster@.ASM3 not found']
1.41404092694 ['ERROR: alter diskgroup \\S+ \\S+']
1.41399396483 ['SUCCESS: grp \\S+ disk \\S+ going offline']
1.41398932314 ["SUCCESS: \\S+ \\S+ \\S+ \\S+ \\S+  DISK '.*' \\S+ \\S+"]
1.41398020559 ['USER \\(.*\\): terminating the instance due to \\S+ error \\S+']
1.41395430507 ["ALTER \\S+ \\S+ event='.*' SCOPE=SPFILE;"]
1.4139014914 ['NOTE: messaging \\S+ to quiesce pins Unix process pid: \\S+ image: \\S+']
1.41380329476 ['ORA-7274 \\[.*\\] \\[.*\\] \\[.*\\] \\[.*\\] \\[.*\\] \\[.*\\] \\[.*\\] \\[.*\\] \\[.*\\] \\[.*\\] \\[.*\\] \\[.*\\]', 'ORA-07274: spdcr: access error, access to oracle denied.', 'Linux-x86_64 Error: \\S+ No such file or directory']
1.41378328379 ['NOTE: client .APX1:.APX:rwsba-cluster fence duration: \\S+ seconds']
1.41357377 ['ORA-15283: \\S+ operation requires compatible.rdbms of \\S+ or higher', 'SUCCESS: \\S+ \\S+ \\S+ \\S+  DISK .* \\S+ \\S+']
1.41329002128 ['CRS_CD_02_NSHC01CELADM08 \\(.*\\)']
1.41275271545 ["SQL> alter diskgroup data \\S+ site sitea disk '.*'"]
1.41270554021 ["SQL> \\S+ \\S+ \\S+ \\S+  SITE sitea  FAILGROUP \\S+  DISK '.*' \\S+ \\S+"]
1.4122126008 ["SUCCESS: \\S+ \\S+ test \\S+ \\S+  DISK '.*' \\S+ \\S+"]
1.41178891978 ['NOTE: unable to offline disks after getting write error for diskgroup \\S+']
1.41153226158 ['prior to instance startup operation.', 'ERROR: Shared memory area is accessible to instance startup process']
1.41137315144 ['ORA-07445: exception encountered: core dump \\[.*\\] \\[.*\\] \\[.*\\] \\[.*\\] \\[.*\\] \\[.*\\]', 'Exception \\[.*\\] \\[.*\\] \\[.*\\] \\[.*\\]']
1.41126318636 ["SUCCESS: \\S+ \\S+ tstdg \\S+ \\S+  SITE sitea  FAILGROUP \\S+  DISK '.*' \\S+ \\S+  SIZE \\S+", "SQL> \\S+ \\S+ tstdg \\S+ \\S+  SITE sitea  FAILGROUP \\S+  DISK '.*' \\S+ \\S+  SIZE \\S+"]
1.40969209648 ['WARNING: group \\S+ file \\S+ vxn \\S+ block \\S+ write I/O failed']
1.40745237456 ['Error: received an \\S+ event from the Cluster Synchronization Service']
1.4060570363 ['DATA_0002 \\(.*\\)']
1.40577392441 ['VERSION \\S+', 'ns \\S+ err code: \\S+', 'Oracle Bequeath \\S+ Protocol Adapter for Linux: Version \\S+ - Production', 'nt \\S+ err code: \\S+', 'Tns error struct:', 'Tracing not turned on.', 'Time: \\S+ \\S+', 'TNS for Linux: Version \\S+ - Production']
1.40445847764 ['NOTE: volume resource \\S+ is \\S+']
1.39452166051 ['NOTE: write to disk \\S+ succeeded']
1.39342294937 ['TNS-12545: Connect failed because target host or object does not exist', 'TNS-00515: Connect failed because target host or object does not exist', 'Fatal \\S+ connect error \\S+ connecting to:']
1.38499462272 ["ERROR: alter diskgroup \\S+ \\S+ site \\S+ disk '.*' force"]
1.37610163216 ['NOTE: client .ASM3:.ASM:nshc01a-cluster no longer has group \\S+ \\(.*\\) mounted']
1.3699384287 ['kjidomenacan initialized to \\S+']
1.36233296745 ['ERROR: Could not \\S+ \\S+ for grp \\S+ Force dismounting the disk group.']
1.36200141047 ['ORA-15027: active use of diskgroup ".*" precludes its dismount']
1.36177438457 ['NOTE: disk \\S+ had \\S+ error']
1.35723648514 ['slave \\S+ \\(.*\\)']
1.35427190675 ['subsys:OSS \\S+ \\S+ \\S+ osderr2:0x0']
1.34490920638 ['NOTE: 03/23/16 \\S+ \\S+ copy \\S+ relocating from \\S+ to \\S+ at \\S+ \\S+']
1.34405322601 ['SU1 \\(.*\\)']
1.33920866282 ['ORA-15291: \\S+ could not \\S+ disk ".*" to disk group ".*"', "SQL> alter diskgroup \\S+ \\S+ site \\S+ disk '.*' force"]
1.33740434153 ['NOTE: client .APX4:.APX:rwsba-cluster deregistered']
1.33269000974 ['NOTE: client .APX2:.APX:rwsba-cluster id \\S+ has reconnected to \\S+ inst \\S+ \\(.*\\), or has been fenced']
1.33115287804 ['LMON \\(.*\\): terminating the instance', 'Could not connect to other instances in the cluster during startup. Hence, \\S+ is terminating the instance. Please check the \\S+ trace file for details. Also, please check the network logs of this instance along with clusterwide network health for problems and then re-start this instance.']
1.33016594597 ['SUCCESS: extent \\S+ of file \\S+ group \\S+ - all online mirror sides found readable, no repair required']
1.32531240161 ['TEST_0001 \\(.*\\)']
1.32494819473 ['Process \\S+ died, see its trace file']
1.3188433727 ["ORA-15031: disk specification '.*' matches no disks"]
1.31523986812 ['NOTE: client .APX2:.APX:rwsba-cluster deregistered']
1.31025750034 ['NOTE: Active use of \\S+ in group \\S+']
1.30705463671 ['Additional information: \\S+']
1.30123538423 ['ORA-15062: \\S+ disk is globally closed']
1.29728556416 ['EXDG0527']
1.29037395651 ['path:AFD:SU5']
1.2787215109 ['INFRA']
1.27527554687 ['WARNING: \\S+ failed to obtain \\S+ quorum of supporting disks in group \\S+ site \\S+', 'WARNING: \\S+ has insufficient disks to maintain consensus for group \\S+ site \\S+ Minimum required is \\S+ updating \\S+ \\S+ copies from \\S+ total of \\S+']
1.27446367919 ['NOTE: client orcl1:orcl:nshc01a-cluster mounted group \\S+ \\(.*\\)']
1.25988156119 ['NOTE: client .ASM2:.ASM:nshc01a-cluster deregistered']
1.25818949834 ['NOTE: registered owner id \\S+ for .APX1:.APX:rwsba-cluster']
1.25030576074 ['NOTE: client .ASM3:.ASM:nshc01a-cluster deregistered']
1.23138522293 ['CSDG']
1.21799747616 ['NOTE: group \\S+ updated \\S+ location: disks \\S+ \\S+']
1.20806824667 ['RECOMMENDATION:', 'to lock 100% of \\S+ \\S+ \\S+ \\(.*\\) pages into physical memory']
1.1953032866 ['path:AFD:SU1']
1.17257914005 ['issue alter system set ".*" = true to disable these messages']
1.17255827291 ['WARNING: Oracle executable binary mismatch detected.', 'Binary of new process does not match binary which started instance']
1.16468280484 ['path:AFD:SU2']
1.13979303086 ['an eviction is expected due environment issues', 'Warning: Oraping detected connectivity issues.', 'Please see \\S+ and oraping trace files for details.', 'OS ping to instance \\S+ has \\S+']
1.13869729639 ['NOTE: client orcl3:orcl:nshc01a-cluster mounted group \\S+ \\(.*\\)']
1.11499392263 ['WARNING: \\S+ found an alien heartbeat on disk \\S+ \\(.*\\)']
1.10515404573 ['ERROR: .*']
1.10248336685 ['ossnet_fail_defcon: Giving up on Cell \\S+ as retry limit \\(.*\\) reached.']
1.05333848479 ['WARNING: \\S+ failed to write \\S+ quorum of target disks in group \\S+ site \\S+ \\(.*\\)']
1.0279199173 ['ERROR: \\S+ failed to obtain \\S+ global quorum of supporting sites in group \\S+ \\(.*\\)']
1.01986630878 ['ORA-15001: diskgroup ".*" does not exist or is not mounted']
1.01399350754 ['ORA-17503: \\S+ Failed to open file .DATA/orapwasm']
1.01216050236 ['ORA-06512: at line \\S+', 'ORA-06512: at ".*", line \\S+']
1.0 ['Read failed for disk \\S+ errno \\S+', 'TNS-12535: TNS:operation timed out', 'NOTE: client .ASM1:.ASM:nshc01a-cluster is exiting', 'ORA-15066: offlining disk ".*" in group ".*" may result in \\S+ data loss', 'NOTE: Cleaning up fence pending client id \\S+ \\[.*\\] \\(.*\\) \\[.*\\]', 'NOTE: released resources held for \\S+ \\S+', "ERROR: alter diskgroup vfdg online disk '.*'", 'path:Unknown disk', "ALTER \\S+ \\S+ event='.*',.* \\[.*\\] disk highest'.*'trace \\[.*\\] disk highest'.*'15199 trace name context forever, level 0x4000707.*", 'NOTE: client .APX2:.APX:rwsba-cluster mounted group \\S+ \\(.*\\)', 'ORA-56864: Master Diskmon ".*" operation cannot complete because of \\S+ \\S+ network error', "SQL> \\S+ \\S+ \\S+ \\S+ \\S+  SITE siteq  QUORUM  FAILGROUP \\S+  DISK '.*' \\S+ diskq  SIZE \\S+", 'ORA-17502: \\S+ Failed to create file \\S+', 'ORA-15416: \\S+ disk \\S+ in disk group \\S+ is offline.', "SQL> alter diskgroup vfdg online quorum disk '.*'", "SQL> alter diskgroup vfdg online disk '.*'", "ERROR: alter diskgroup vfdg \\S+ site siteb disk '.*' name ted04", "SUCCESS: create diskgroup tmpdg external redundancy disk '.*' attribute '.*'='.*','.*'='.*','.*'='.*'", 'TED7 \\(.*\\)', 'LMHB \\(.*\\): terminating the instance due to error \\S+', 'WARNING: failed to copy file \\S+ extent \\S+ disk \\S+ au \\S+ offset \\S+ status \\S+', 'Fatal \\S+ connect error \\S+', 'NOTE: client .ASM4:.ASM:rwsba-cluster is exiting', 'TCP/IP \\S+ Protocol Adapter for Linux: Version \\S+ - Production', 'alter diskgroup \\S+ online disk \\S+', 'ORA-03113: \\S+ on communication channel', 'ORA-29746: Cluster Synchronization Service is being shut down.', 'NOTE: Shutting down \\S+ background process', 'ORA-56841: Master Diskmon cannot connect to \\S+ \\S+', "ERROR: \\S+ \\S+ \\S+ \\S+ \\S+  DISK '.*' \\S+ \\S+", 'NOTE: client orcl1:orcl:nshc01a-dsc id \\S+ has reconnected to \\S+ inst \\S+ \\(.*\\), or has been fenced', 'SUCCESS: alter diskgroup \\S+ online quorum disk \\S+', 'path:AFD:OCRDG2', 'ORA-15277: disk \\S+ is \\S+ quorum disk', 'Please refer at \\S+ trace file for details.', "SITE sitea  FAILGROUP fg1  DISK '.*' \\S+ disk1  SIZE \\S+", 'NOTE: client .APX1:.APX:rwsba-cluster no longer has group \\S+ \\(.*\\) mounted', "ORA-15029: disk '.*' is already mounted by this instance", 'CRS_CD_02_NSHC01CELADM09 \\(.*\\)', "SQL> alter diskgroup vfdg \\S+ site siteb disk '.*' name ted04", 'NOTE: client .APX1:.APX:rwsba-cluster mounted group \\S+ \\(.*\\)', 'NOTE: client orcl2:orcl:nshc01a-dsc mounted group \\S+ \\(.*\\)', 'Session \\S+ \\S+ Serial number: \\S+', 'NOTE: client orcl4:orcl:rwsba-ext mounted group \\S+ \\(.*\\)', 'afdt_errorsLEM: \\S+', "ERROR: \\S+ \\S+ csdg \\S+ \\S+  SITE sitea  FAILGROUP \\S+  DISK '.*' \\S+ ted1  SIZE \\S+", 'Processes \\S+ and \\S+ may \\S+ blocked while \\S+ performs thread mount.', 'WARNING: inbound connection timed out \\(.*\\)', "SQL> \\S+ \\S+ \\S+ \\S+  SITE \\S+  FAILGROUP \\S+  DISK '.*' \\S+ \\S+", 'ERROR: alter diskgroup \\S+ rebalance', 'SUCCESS: alter diskgroup vfdg rebalance', 'NOTE: client orcl1:orcl:rwsba-ext id \\S+ has reconnected to \\S+ inst \\S+ \\(.*\\), or has been fenced', 'NOTE: group \\S+ updated \\S+ location: disks \\S+ \\S+ \\S+ \\S+ \\S+', 'SUCCESS: alter diskgroup \\S+ online disk \\S+ force', 'WARNING: Found \\S+ stale FDs on foreground processes', 'ORA-00493: \\S+ process terminated with error', "ORA-00453: backgroud process '.*' is \\S+", "ASMCMD ./ALTER \\S+ \\S+ \\S+ \\S+ '.*' = '.*'", "SQL> \\S+ \\S+ \\S+ \\S+ \\S+  SITE siteq  QUORUM  FAILGROUP Qfg1  DISK '.*' \\S+ \\S+", "SUCCESS: alter diskgroup data \\S+ site sitea disk '.*' force", 'ORA-59710: site information mismatch between disk group \\S+ and disk /dev/asmdisk/3par108', 'force', 'WARNING: \\(.*\\) disk offline and rejecting I/O', 'SQL> alter diskgroup vfdg rebalance', 'ORA-15078: \\S+ diskgroup was forcibly dismounted', 'requested by \\(.*\\), summary=\\[.*\\]', 'NOTE: client .ASM2:.ASM:nshc01a-dsc no longer has group \\S+ \\(.*\\) mounted', 'NOTE: client orcl4:orcl:rwsba-cluster deregistered', 'NOTE: client .ASM2:.ASM:rwsba-cluster is exiting', 'NOTE: client .ASM1:.ASM:rws-crs no longer has group \\S+ \\(.*\\) mounted', "SUCCESS: alter diskgroup vfdg online quorum disk '.*'", "SUCCESS: \\S+ \\S+ \\S+ \\S+ \\S+  SITE siteq  QUORUM  FAILGROUP \\S+  DISK '.*' \\S+ diskq  SIZE \\S+", "ERROR: \\S+ \\S+ \\S+ \\S+ \\S+  SITE siteq  DISK '.*' \\S+ \\S+", 'WARNING: \\S+ signaled when performing \\S+ block repair for \\S+ \\S+ \\S+', "SUCCESS: \\S+ \\S+ \\S+ \\S+  SITE sitea  DISK '.*' \\S+ \\S+", 'NOTE: client .ASM2:.ASM:nshc01a-dsc deregistered', 'NOTE: client orcl1:orcl:nshc01a-dsc mounted group \\S+ \\(.*\\)', 'NOTE: client .APX1:.APX:rwsba-cluster deregistered', "SITE sitea  FAILGROUP fg3  DISK '.*' \\S+ disk3  SIZE \\S+", 'ASMCMD ./alter diskgroup /.ASMCMD./ ".*" drop file \'.*\'', 'path:o/192.168.40.239/CRS_CD_02_nshc01celadm08', "ERROR: alter diskgroup data \\S+ site siteb disk '.*' force", 'path:AFD:SU6', 'TED6 \\(.*\\)', 'NOTE: group \\S+ \\S+ not updated.', 'ERROR: alter diskgroup data online disk .*', "ERROR: alter diskgroup data \\S+ site siteb disk '.*'", 'disk: \\S+ \\S+ \\S+ file number: \\S+ extent: \\S+', 'NOTE: client .APX4:.APX:rwsba-cluster mounted group \\S+ \\(.*\\)', 'ORA-15268: internal Oracle file \\S+ already exists.', "ORA-59001: Disk '.*' must \\S+ online before disk '.*'.", 'nowait', 'NOTE: client .ASM2:.ASM:rwsba-cluster should failover', 'DATA_0001 \\(.*\\)', 'Release:\t2.6.39-400.248.3.el6uek.x86_64', 'NOTE: client .APX4:.APX:rwsba-cluster fence duration: \\S+ seconds', 'NOTE: client .ASM4:.ASM:nshc01a-cluster deregistered', 'CRS_CD_00_NSHC01CELADM08 \\(.*\\)', 'NOTE: client .ASM1:.ASM:nshc01a-dsc no longer has group \\S+ \\(.*\\) mounted', 'NOTE: client .APX3:.APX:rwsba-cluster id \\S+ has reconnected to \\S+ inst \\S+ \\(.*\\), or has been fenced', "SUCCESS: alter diskgroup data \\S+ site sitea disk '.*'", 'NOTE: Advancing \\S+ compatibility to \\S+ for grp \\S+', 'SUCCESS: Advanced compatible.rdbms to \\S+ for grp \\S+', "SQL> \\S+ \\S+ \\S+ \\S+  SITE sitea  DISK '.*' \\S+ \\S+", "SITE siteQ  QUORUM  FAILGROUP \\S+  DISK '.*' \\S+ \\S+", "SQL> \\S+ \\S+ \\S+ \\S+ \\S+  SITE siteq  DISK '.*' \\S+ \\S+", "SQL> alter diskgroup data \\S+ site siteb disk '.*' force", 'WARNING: client \\[.*\\] cleanup delayed; waited \\S+ pid \\S+ mbr \\S+', "SQL> \\S+ \\S+ \\S+ \\S+ \\S+  SITE siteq  QUORUM  FAILGROUP \\S+  DISK '.*' \\S+ \\S+  SIZE \\S+", "SUCCESS: \\S+ \\S+ \\S+ \\S+ \\S+  SITE siteq  DISK '.*' \\S+ \\S+", 'Cell: \\S+ could not \\S+ opened during discovery', 'Performing system state dump.', 'NOTE: client .ASM1:.ASM:rws-crs deregistered', 'Client address: \\(.*\\)', 'NOTE: client .ASM1:.ASM:rwsba-ext should failover', 'ERROR: alter diskgroup sudg rebalance', 'NOTE: updated gpnp profile \\S+ \\S+ to', 'NOTE: client .APX3:.APX:rwsba-cluster mounted group \\S+ \\(.*\\)', "SUCCESS: \\S+ \\S+ \\S+ \\S+ \\S+  SITE siteq  QUORUM  FAILGROUP \\S+  DISK '.*' \\S+ \\S+  SIZE \\S+", "SQL> alter diskgroup data \\S+ site sitea disk '.*' force", 'SUCCESS: alter diskgroup sudg online disk \\S+', "SITE sitea  FAILGROUP fg2  DISK '.*' \\S+ disk2  SIZE \\S+", 'IMR has experienced some problems during thread mount, \\(.*\\)', 'ORA-15315: Write errors in disk group \\S+ could lead to inconsistent \\S+ metadata.', "SQL> alter diskgroup data online disk '.*' force", 'NOTE: client .ASM2:.ASM:nshc01a-cluster is exiting', 'NOTE: umbilicus traces dumped to \\S+', 'NOTE: closing \\S+ for group: \\S+', 'WARNING: grp \\S+ all disks in quorum site siteq being dropped.', 'SUCCESS: alter diskgroup data dismount', "ERROR: alter diskgroup data \\S+ site sitea disk '.*'", 'RBAL \\(.*\\): terminating the instance due to \\S+ error \\S+', 'Cluster Synchronization Service is shutting down', 'Exadata Auto Mgmt: \\S+ \\S+ Disk ./', 'NOTE: client orcl1:orcl:nshc01a-dsc deregistered', "SQL> create diskgroup tmpdg external redundancy disk '.*' attribute '.*'='.*','.*'='.*','.*'='.*'", 'ORA-59709: No site identified for the disk', "ERROR: \\S+ \\S+ tst \\S+ \\S+  DISK '.*' \\S+ \\S+", "SQL> alter diskgroup data \\S+ site siteb disk '.*'", 'SQL> alter diskgroup \\S+ online quorum disk \\S+', 'NOTE: client .APX3:.APX:rwsba-cluster fence duration: \\S+ seconds', 'NOTE: client .ASM4:.ASM:nshc01a-cluster is exiting', 'SQL> alter diskgroup data dismount', 'NOTE: client .APX2:.APX:rwsba-cluster fence duration: \\S+ seconds', 'NOTE: client .ASM3:.ASM:nshc01a-cluster is exiting', 'NOTE: client .ASM4:.ASM:nshc01a-cluster no longer has group \\S+ \\(.*\\) mounted', 'ERROR: updating header of disk \\S+ with voting file information', 'ORA-29709: Communication failure with Cluster Synchronization Services', "ERROR: alter diskgroup \\S+ \\S+ disk '.*' force", 'SQL> alter diskgroup sudg rebalance', 'SU2 \\(.*\\)', 'TED5 \\(.*\\)', 'ERROR: Failed to cleanup the \\S+ stale FDs', 'WARNING: client \\[.*\\] not responsive for 217s; state=0x1. killing pid \\S+', 'NOTE: client .ASM1:.ASM:nshc01a-cluster should failover', "SUCCESS: \\S+ \\S+ \\S+ \\S+ \\S+  SITE siteq  QUORUM  FAILGROUP Qfg1  DISK '.*' \\S+ \\S+", "Exadata error:'.*'", 'Process \\S+', "OS Pid: \\S+ executed alter system set events '.*'", 'Following system state dump requests \\(.*\\) will \\S+ processed:', "ORA-15028: \\S+ file '.*' not dropped; currently being accessed", 'NOTE: already refreshed membership for group 1/0x8e10855f \\(.*\\)', 'NOTE: blocked Flex client \\S+ registered, osid \\S+ mbr \\S+ asmb \\S+ \\(.*\\)', 'NOTE: client orcl4:orcl:rwsba-ext id \\S+ has reconnected to \\S+ inst \\S+ \\(.*\\), or has been fenced', 'path:o/192.168.40.239/CRS_CD_00_nshc01celadm08', 'NOTE: client orcl2:orcl:nshc01a-dsc deregistered', 'NOTE: client .ASM1:.ASM:nshc01a-dsc deregistered', 'LMD0 \\(.*\\): terminating the instance due to error \\S+', 'NOTE: client .ASM1:.ASM:rwsba-cluster should failover', 'ORA-29709 \\[.*\\] \\[.*\\] \\[.*\\] \\[.*\\] \\[.*\\] \\[.*\\] \\[.*\\] \\[.*\\] \\[.*\\] \\[.*\\] \\[.*\\] \\[.*\\]']
0.0 ["ALTER \\S+ \\S+ listener_networks='.*','.*',.* \\(.*\\).'.*'.* \\(.*\\)..* SCOPE=MEMORY SID='.*';", "ERROR: alter diskgroup \\S+ online disk '.*' force", 'SQL> alter diskgroup \\S+ online disk \\S+ force', 'NOTE: group \\S+ \\S+ \\S+ location: disks \\S+ \\S+ \\S+', 'ASMCMD ./ALTER \\S+ \\S+ \\S+  ', "ERROR: alter diskgroup data online disk '.*' force", "SQL> alter diskgroup \\S+ online disk '.*' force", 'NOTE: .*', 'ORA-15186: \\S+ error function = \\[.*\\],  error = \\[.*\\],  mesg = \\[.*\\]', 'SQL> alter diskgroup \\S+ online disk \\S+', 'NOTE: group \\S+ \\S+ \\S+ location: disks \\S+ \\S+ \\S+ \\S+ \\S+ \\S+ \\S+', 'NOTE: cache closing disk \\S+ of grp \\S+ \\(.*\\) \\S+']
